2015-05-08 22:49:21,588 [main] INFO  [com.zel.manager.LibraryManager] - 成功--加载缓存的简繁关联词典!
2015-05-08 22:49:23,034 [main] INFO  [com.zel.manager.LibraryManager] - 成功--加载词典库文件!
2015-05-08 22:49:24,944 [main] INFO  [com.zel.manager.LibraryManager] - 成功--加载缓存的Trie树和词性对应表!
2015-05-08 22:49:26,198 [main] INFO  [com.zel.manager.LibraryManager] - 成功--加载缓存的bi-gram关联词典!
2015-05-08 22:49:26,843 [main] INFO  [com.zel.classfy.manager.analyzer.vsm.VsmManager] - 成功--加载空间向量集合emotionVectorMap!
2015-05-08 22:49:26,896 [main] INFO  [com.zel.classfy.manager.analyzer.vsm.VsmManager] - 成功--加载空间向量集合emotionVectorMap!
2015-05-08 22:51:12,922 [main] INFO  [com.zel.manager.LibraryManager] - 成功--加载缓存的简繁关联词典!
2015-05-08 22:51:13,710 [main] INFO  [com.zel.manager.LibraryManager] - 成功--加载词典库文件!
2015-05-08 22:51:15,050 [main] INFO  [com.zel.manager.LibraryManager] - 成功--加载缓存的Trie树和词性对应表!
2015-05-08 22:51:15,853 [main] INFO  [com.zel.manager.LibraryManager] - 成功--加载缓存的bi-gram关联词典!
2015-05-08 22:51:16,223 [main] INFO  [com.zel.classfy.manager.analyzer.vsm.VsmManager] - 成功--加载空间向量集合emotionVectorMap!
2015-05-08 22:51:16,262 [main] INFO  [com.zel.classfy.manager.analyzer.vsm.VsmManager] - 成功--加载空间向量集合emotionVectorMap!
2015-05-08 22:51:28,728 [main] INFO  [com.zel.manager.LibraryManager] - 成功--加载缓存的简繁关联词典!
2015-05-08 22:51:29,507 [main] INFO  [com.zel.manager.LibraryManager] - 成功--加载词典库文件!
2015-05-08 22:51:30,829 [main] INFO  [com.zel.manager.LibraryManager] - 成功--加载缓存的Trie树和词性对应表!
2015-05-08 22:51:31,626 [main] INFO  [com.zel.manager.LibraryManager] - 成功--加载缓存的bi-gram关联词典!
2015-05-08 22:51:31,988 [main] INFO  [com.zel.classfy.manager.analyzer.vsm.VsmManager] - 成功--加载空间向量集合emotionVectorMap!
2015-05-08 22:51:32,030 [main] INFO  [com.zel.classfy.manager.analyzer.vsm.VsmManager] - 成功--加载空间向量集合emotionVectorMap!
2015-05-08 22:51:41,041 [main] INFO  [com.zel.manager.LibraryManager] - 成功--加载缓存的简繁关联词典!
2015-05-08 22:51:41,816 [main] INFO  [com.zel.manager.LibraryManager] - 成功--加载词典库文件!
2015-05-08 22:51:43,140 [main] INFO  [com.zel.manager.LibraryManager] - 成功--加载缓存的Trie树和词性对应表!
2015-05-08 22:51:43,931 [main] INFO  [com.zel.manager.LibraryManager] - 成功--加载缓存的bi-gram关联词典!
2015-05-08 22:51:44,293 [main] INFO  [com.zel.classfy.manager.analyzer.vsm.VsmManager] - 成功--加载空间向量集合emotionVectorMap!
2015-05-08 22:51:44,332 [main] INFO  [com.zel.classfy.manager.analyzer.vsm.VsmManager] - 成功--加载空间向量集合emotionVectorMap!
2015-05-08 22:52:28,053 [main] INFO  [com.zel.manager.LibraryManager] - 成功--加载缓存的简繁关联词典!
2015-05-08 22:52:28,842 [main] INFO  [com.zel.manager.LibraryManager] - 成功--加载词典库文件!
2015-05-08 22:52:30,162 [main] INFO  [com.zel.manager.LibraryManager] - 成功--加载缓存的Trie树和词性对应表!
2015-05-08 22:52:30,957 [main] INFO  [com.zel.manager.LibraryManager] - 成功--加载缓存的bi-gram关联词典!
2015-05-08 22:52:31,466 [main] INFO  [com.zel.classfy.manager.analyzer.vsm.VsmManager] - 成功--加载空间向量集合emotionVectorMap!
2015-05-08 22:52:31,504 [main] INFO  [com.zel.classfy.manager.analyzer.vsm.VsmManager] - 成功--加载空间向量集合emotionVectorMap!
2015-05-08 22:54:29,757 [main] INFO  [com.zel.manager.LibraryManager] - 成功--加载缓存的简繁关联词典!
2015-05-08 22:54:30,543 [main] INFO  [com.zel.manager.LibraryManager] - 成功--加载词典库文件!
2015-05-08 22:54:31,873 [main] INFO  [com.zel.manager.LibraryManager] - 成功--加载缓存的Trie树和词性对应表!
2015-05-08 22:54:32,674 [main] INFO  [com.zel.manager.LibraryManager] - 成功--加载缓存的bi-gram关联词典!
2015-05-08 22:54:33,046 [main] INFO  [com.zel.classfy.manager.analyzer.vsm.VsmManager] - 成功--加载空间向量集合emotionVectorMap!
2015-05-08 22:54:33,107 [main] INFO  [com.zel.classfy.manager.analyzer.vsm.VsmManager] - 成功--加载空间向量集合emotionVectorMap!
2015-05-08 22:55:10,250 [main] INFO  [com.zel.manager.LibraryManager] - 成功--加载缓存的简繁关联词典!
2015-05-08 22:55:11,062 [main] INFO  [com.zel.manager.LibraryManager] - 成功--加载词典库文件!
2015-05-08 22:55:12,434 [main] INFO  [com.zel.manager.LibraryManager] - 成功--加载缓存的Trie树和词性对应表!
2015-05-08 22:55:13,252 [main] INFO  [com.zel.manager.LibraryManager] - 成功--加载缓存的bi-gram关联词典!
2015-05-08 22:55:13,621 [main] INFO  [com.zel.classfy.manager.analyzer.vsm.VsmManager] - 成功--加载空间向量集合emotionVectorMap!
2015-05-08 22:55:13,659 [main] INFO  [com.zel.classfy.manager.analyzer.vsm.VsmManager] - 成功--加载空间向量集合emotionVectorMap!
2015-05-08 22:56:16,044 [main] INFO  [com.zel.manager.LibraryManager] - 成功--加载缓存的简繁关联词典!
2015-05-08 22:56:16,837 [main] INFO  [com.zel.manager.LibraryManager] - 成功--加载词典库文件!
2015-05-08 22:56:18,163 [main] INFO  [com.zel.manager.LibraryManager] - 成功--加载缓存的Trie树和词性对应表!
2015-05-08 22:56:18,954 [main] INFO  [com.zel.manager.LibraryManager] - 成功--加载缓存的bi-gram关联词典!
2015-05-08 22:56:19,343 [main] INFO  [com.zel.classfy.manager.analyzer.vsm.VsmManager] - 成功--加载空间向量集合emotionVectorMap!
2015-05-08 22:56:19,384 [main] INFO  [com.zel.classfy.manager.analyzer.vsm.VsmManager] - 成功--加载空间向量集合emotionVectorMap!
2015-05-08 22:56:34,252 [main] INFO  [com.zel.manager.LibraryManager] - 成功--加载缓存的简繁关联词典!
2015-05-08 22:56:35,037 [main] INFO  [com.zel.manager.LibraryManager] - 成功--加载词典库文件!
2015-05-08 22:56:36,359 [main] INFO  [com.zel.manager.LibraryManager] - 成功--加载缓存的Trie树和词性对应表!
2015-05-08 22:56:37,161 [main] INFO  [com.zel.manager.LibraryManager] - 成功--加载缓存的bi-gram关联词典!
2015-05-08 22:56:37,534 [main] INFO  [com.zel.classfy.manager.analyzer.vsm.VsmManager] - 成功--加载空间向量集合emotionVectorMap!
2015-05-08 22:56:37,573 [main] INFO  [com.zel.classfy.manager.analyzer.vsm.VsmManager] - 成功--加载空间向量集合emotionVectorMap!
2015-05-08 22:57:06,705 [main] INFO  [com.zel.manager.LibraryManager] - 成功--加载缓存的简繁关联词典!
2015-05-08 22:57:07,489 [main] INFO  [com.zel.manager.LibraryManager] - 成功--加载词典库文件!
2015-05-08 22:57:08,822 [main] INFO  [com.zel.manager.LibraryManager] - 成功--加载缓存的Trie树和词性对应表!
2015-05-08 22:57:09,624 [main] INFO  [com.zel.manager.LibraryManager] - 成功--加载缓存的bi-gram关联词典!
2015-05-08 22:57:09,991 [main] INFO  [com.zel.classfy.manager.analyzer.vsm.VsmManager] - 成功--加载空间向量集合emotionVectorMap!
2015-05-08 22:57:10,030 [main] INFO  [com.zel.classfy.manager.analyzer.vsm.VsmManager] - 成功--加载空间向量集合emotionVectorMap!
2015-05-08 22:57:20,233 [main] INFO  [com.zel.manager.LibraryManager] - 成功--加载缓存的简繁关联词典!
2015-05-08 22:57:21,023 [main] INFO  [com.zel.manager.LibraryManager] - 成功--加载词典库文件!
2015-05-08 22:57:22,356 [main] INFO  [com.zel.manager.LibraryManager] - 成功--加载缓存的Trie树和词性对应表!
2015-05-08 22:57:23,149 [main] INFO  [com.zel.manager.LibraryManager] - 成功--加载缓存的bi-gram关联词典!
2015-05-08 22:57:23,520 [main] INFO  [com.zel.classfy.manager.analyzer.vsm.VsmManager] - 成功--加载空间向量集合emotionVectorMap!
2015-05-08 22:57:23,562 [main] INFO  [com.zel.classfy.manager.analyzer.vsm.VsmManager] - 成功--加载空间向量集合emotionVectorMap!
2015-05-08 22:57:39,556 [main] INFO  [com.zel.manager.LibraryManager] - 成功--加载缓存的简繁关联词典!
2015-05-08 22:57:40,334 [main] INFO  [com.zel.manager.LibraryManager] - 成功--加载词典库文件!
2015-05-08 22:57:41,657 [main] INFO  [com.zel.manager.LibraryManager] - 成功--加载缓存的Trie树和词性对应表!
2015-05-08 22:57:42,442 [main] INFO  [com.zel.manager.LibraryManager] - 成功--加载缓存的bi-gram关联词典!
2015-05-08 22:57:42,806 [main] INFO  [com.zel.classfy.manager.analyzer.vsm.VsmManager] - 成功--加载空间向量集合emotionVectorMap!
2015-05-08 22:57:42,843 [main] INFO  [com.zel.classfy.manager.analyzer.vsm.VsmManager] - 成功--加载空间向量集合emotionVectorMap!
2015-05-08 22:57:57,370 [main] INFO  [com.zel.manager.LibraryManager] - 成功--加载缓存的简繁关联词典!
2015-05-08 22:57:58,154 [main] INFO  [com.zel.manager.LibraryManager] - 成功--加载词典库文件!
2015-05-08 22:57:59,505 [main] INFO  [com.zel.manager.LibraryManager] - 成功--加载缓存的Trie树和词性对应表!
2015-05-08 22:58:00,300 [main] INFO  [com.zel.manager.LibraryManager] - 成功--加载缓存的bi-gram关联词典!
2015-05-08 22:58:00,672 [main] INFO  [com.zel.classfy.manager.analyzer.vsm.VsmManager] - 成功--加载空间向量集合emotionVectorMap!
2015-05-08 22:58:00,710 [main] INFO  [com.zel.classfy.manager.analyzer.vsm.VsmManager] - 成功--加载空间向量集合emotionVectorMap!
2015-05-08 22:59:12,439 [main] INFO  [com.zel.manager.LibraryManager] - 成功--加载缓存的简繁关联词典!
2015-05-08 22:59:13,217 [main] INFO  [com.zel.manager.LibraryManager] - 成功--加载词典库文件!
2015-05-08 22:59:14,548 [main] INFO  [com.zel.manager.LibraryManager] - 成功--加载缓存的Trie树和词性对应表!
2015-05-08 22:59:15,341 [main] INFO  [com.zel.manager.LibraryManager] - 成功--加载缓存的bi-gram关联词典!
2015-05-08 22:59:15,707 [main] INFO  [com.zel.classfy.manager.analyzer.vsm.VsmManager] - 成功--加载空间向量集合emotionVectorMap!
2015-05-08 22:59:15,748 [main] INFO  [com.zel.classfy.manager.analyzer.vsm.VsmManager] - 成功--加载空间向量集合emotionVectorMap!
2015-05-08 22:59:36,574 [main] INFO  [com.zel.manager.LibraryManager] - 成功--加载缓存的简繁关联词典!
2015-05-08 22:59:37,373 [main] INFO  [com.zel.manager.LibraryManager] - 成功--加载词典库文件!
2015-05-08 22:59:38,694 [main] INFO  [com.zel.manager.LibraryManager] - 成功--加载缓存的Trie树和词性对应表!
2015-05-08 22:59:39,490 [main] INFO  [com.zel.manager.LibraryManager] - 成功--加载缓存的bi-gram关联词典!
2015-05-08 22:59:42,833 [main] INFO  [com.zel.classfy.manager.analyzer.vsm.VsmManager] - 成功--缓存空间向量集合emotionVectorMap!
2015-05-08 22:59:43,238 [main] INFO  [com.zel.classfy.manager.analyzer.vsm.VsmManager] - 成功--加载空间向量集合emotionVectorMap!
2015-05-08 23:05:59,910 [main] INFO  [com.zel.manager.LibraryManager] - 成功--加载缓存的简繁关联词典!
2015-05-08 23:06:01,127 [main] INFO  [com.zel.manager.LibraryManager] - 成功--加载词典库文件!
2015-05-08 23:06:02,932 [main] INFO  [com.zel.manager.LibraryManager] - 成功--加载缓存的Trie树和词性对应表!
2015-05-08 23:06:03,929 [main] INFO  [com.zel.manager.LibraryManager] - 成功--加载缓存的bi-gram关联词典!
2015-05-08 23:06:03,972 [main] INFO  [com.zel.classfy.manager.analyzer.vsm.VsmManager] - 成功--加载空间向量集合emotionVectorMap!
2015-05-08 23:06:04,053 [main] INFO  [com.zel.classfy.manager.analyzer.vsm.VsmManager] - 成功--加载空间向量集合emotionVectorMap!
2015-05-08 23:06:19,368 [main] INFO  [com.zel.manager.LibraryManager] - 成功--加载缓存的简繁关联词典!
2015-05-08 23:06:20,550 [main] INFO  [com.zel.manager.LibraryManager] - 成功--加载词典库文件!
2015-05-08 23:06:22,361 [main] INFO  [com.zel.manager.LibraryManager] - 成功--加载缓存的Trie树和词性对应表!
2015-05-08 23:06:23,386 [main] INFO  [com.zel.manager.LibraryManager] - 成功--加载缓存的bi-gram关联词典!
2015-05-08 23:06:23,432 [main] INFO  [com.zel.classfy.manager.analyzer.vsm.VsmManager] - 成功--加载空间向量集合emotionVectorMap!
2015-05-08 23:06:23,515 [main] INFO  [com.zel.classfy.manager.analyzer.vsm.VsmManager] - 成功--加载空间向量集合emotionVectorMap!
2015-05-08 23:06:51,798 [main] INFO  [com.zel.manager.LibraryManager] - 成功--加载缓存的简繁关联词典!
2015-05-08 23:06:53,019 [main] INFO  [com.zel.manager.LibraryManager] - 成功--加载词典库文件!
2015-05-08 23:06:54,787 [main] INFO  [com.zel.manager.LibraryManager] - 成功--加载缓存的Trie树和词性对应表!
2015-05-08 23:06:55,777 [main] INFO  [com.zel.manager.LibraryManager] - 成功--加载缓存的bi-gram关联词典!
2015-05-08 23:06:55,820 [main] INFO  [com.zel.classfy.manager.analyzer.vsm.VsmManager] - 成功--加载空间向量集合emotionVectorMap!
2015-05-08 23:06:55,899 [main] INFO  [com.zel.classfy.manager.analyzer.vsm.VsmManager] - 成功--加载空间向量集合emotionVectorMap!
